<?xml version="1.0" encoding="UTF-8"?>
<coverage generated="1517480108720" clover="3.2.0">
  <project timestamp="1517480108721" name="All files">
    <metrics statements="144" coveredstatements="115" conditionals="40" coveredconditionals="26" methods="64" coveredmethods="52" elements="248" coveredelements="193" complexity="0" loc="144" ncloc="144" packages="4" files="16" classes="16">
      <package name="src">
        <metrics statements="12" coveredstatements="0" conditionals="6" coveredconditionals="0" methods="1" coveredmethods="0"/>
        <file name="index.js" path="/Users/puddlejumper/Testing/offline-forum/src/index.js">
          <metrics statements="12" coveredstatements="0" conditionals="6" coveredconditionals="0" methods="1" coveredmethods="0"/>
          <line num="1" count="0" type="stmt"/>
          <line num="2" count="0" type="stmt"/>
          <line num="3" count="0" type="stmt"/>
          <line num="4" count="0" type="stmt"/>
          <line num="5" count="0" type="stmt"/>
          <line num="6" count="0" type="cond" truecount="0" falsecount="4"/>
          <line num="8" count="0" type="stmt"/>
          <line num="9" count="0" type="cond" truecount="0" falsecount="2"/>
          <line num="10" count="0" type="stmt"/>
          <line num="13" count="0" type="stmt"/>
          <line num="15" count="0" type="stmt"/>
          <line num="17" count="0" type="stmt"/>
        </file>
      </package>
      <package name="src.api">
        <metrics statements="31" coveredstatements="20" conditionals="11" coveredconditionals="3" methods="20" coveredmethods="12"/>
        <file name="index.js" path="/Users/puddlejumper/Testing/offline-forum/src/api/index.js">
          <metrics statements="31" coveredstatements="20" conditionals="11" coveredconditionals="3" methods="20" coveredmethods="12"/>
          <line num="7" count="2" type="stmt"/>
          <line num="20" count="1" type="stmt"/>
          <line num="34" count="2" type="stmt"/>
          <line num="35" count="2" type="cond" truecount="1" falsecount="1"/>
          <line num="43" count="1" type="stmt"/>
          <line num="44" count="1" type="stmt"/>
          <line num="48" count="0" type="stmt"/>
          <line num="49" count="0" type="stmt"/>
          <line num="50" count="0" type="stmt"/>
          <line num="57" count="5" type="stmt"/>
          <line num="58" count="5" type="cond" truecount="1" falsecount="1"/>
          <line num="67" count="1" type="stmt"/>
          <line num="77" count="1" type="stmt"/>
          <line num="78" count="1" type="stmt"/>
          <line num="82" count="4" type="stmt"/>
          <line num="86" count="0" type="stmt"/>
          <line num="87" count="0" type="stmt"/>
          <line num="88" count="0" type="stmt"/>
          <line num="92" count="5" type="stmt"/>
          <line num="93" count="5" type="cond" truecount="1" falsecount="1"/>
          <line num="97" count="0" type="stmt"/>
          <line num="98" count="0" type="cond" truecount="0" falsecount="2"/>
          <line num="102" count="0" type="stmt"/>
          <line num="103" count="0" type="stmt"/>
          <line num="107" count="4" type="stmt"/>
          <line num="110" count="8" type="stmt"/>
          <line num="126" count="2" type="stmt"/>
          <line num="127" count="2" type="stmt"/>
          <line num="128" count="2" type="stmt"/>
          <line num="129" count="2" type="stmt"/>
          <line num="130" count="0" type="stmt"/>
        </file>
      </package>
      <package name="src.components">
        <metrics statements="75" coveredstatements="70" conditionals="19" coveredconditionals="19" methods="30" coveredmethods="28"/>
        <file name="App.js" path="/Users/puddlejumper/Testing/offline-forum/src/components/App.js">
          <metrics statements="9" coveredstatements="8" conditionals="6" coveredconditionals="6" methods="5" coveredmethods="5"/>
          <line num="15" count="5" type="stmt"/>
          <line num="19" count="5" type="stmt"/>
          <line num="20" count="5" type="stmt"/>
          <line num="24" count="1" type="stmt"/>
          <line num="25" count="0" type="stmt"/>
          <line num="29" count="2" type="cond" truecount="2" falsecount="0"/>
          <line num="30" count="1" type="stmt"/>
          <line num="32" count="1" type="stmt"/>
          <line num="37" count="12" type="stmt"/>
        </file>
        <file name="AvatarSelector.js" path="/Users/puddlejumper/Testing/offline-forum/src/components/AvatarSelector.js">
          <metrics statements="10" coveredstatements="10" conditionals="6" coveredconditionals="6" methods="1" coveredmethods="1"/>
          <line num="7" count="3" type="stmt"/>
          <line num="9" count="4" type="stmt"/>
          <line num="10" count="4" type="cond" truecount="2" falsecount="0"/>
          <line num="11" count="1" type="stmt"/>
          <line num="13" count="4" type="cond" truecount="2" falsecount="0"/>
          <line num="14" count="1" type="stmt"/>
          <line num="16" count="4" type="cond" truecount="2" falsecount="0"/>
          <line num="17" count="2" type="stmt"/>
          <line num="20" count="4" type="stmt"/>
          <line num="30" count="3" type="stmt"/>
        </file>
        <file name="Button.js" path="/Users/puddlejumper/Testing/offline-forum/src/components/Button.js">
          <metrics statements="6" coveredstatements="6" conditionals="2" coveredconditionals="2" methods="1" coveredmethods="1"/>
          <line num="4" count="6" type="stmt"/>
          <line num="6" count="6" type="stmt"/>
          <line num="7" count="6" type="stmt"/>
          <line num="9" count="3" type="stmt"/>
          <line num="18" count="6" type="stmt"/>
          <line num="25" count="6" type="stmt"/>
        </file>
        <file name="Comments.js" path="/Users/puddlejumper/Testing/offline-forum/src/components/Comments.js">
          <metrics statements="10" coveredstatements="8" conditionals="1" coveredconditionals="1" methods="6" coveredmethods="5"/>
          <line num="13" count="4" type="stmt"/>
          <line num="17" count="4" type="stmt"/>
          <line num="18" count="4" type="stmt"/>
          <line num="19" count="4" type="stmt"/>
          <line num="23" count="0" type="stmt"/>
          <line num="24" count="0" type="stmt"/>
          <line num="28" count="9" type="stmt"/>
          <line num="29" count="1" type="stmt"/>
          <line num="37" count="8" type="stmt"/>
          <line num="51" count="4" type="stmt"/>
        </file>
        <file name="CreateNewComment.js" path="/Users/puddlejumper/Testing/offline-forum/src/components/CreateNewComment.js">
          <metrics statements="9" coveredstatements="9" conditionals="0" coveredconditionals="0" methods="3" coveredmethods="3"/>
          <line num="10" count="3" type="stmt"/>
          <line num="13" count="1" type="stmt"/>
          <line num="14" count="1" type="stmt"/>
          <line num="15" count="1" type="stmt"/>
          <line num="20" count="1" type="stmt"/>
          <line num="21" count="1" type="stmt"/>
          <line num="22" count="1" type="stmt"/>
          <line num="26" count="15" type="stmt"/>
          <line num="51" count="5" type="stmt"/>
        </file>
        <file name="CreateNewPost.js" path="/Users/puddlejumper/Testing/offline-forum/src/components/CreateNewPost.js">
          <metrics statements="11" coveredstatements="11" conditionals="0" coveredconditionals="0" methods="3" coveredmethods="3"/>
          <line num="11" count="1" type="stmt"/>
          <line num="13" count="1" type="stmt"/>
          <line num="14" count="1" type="stmt"/>
          <line num="15" count="1" type="stmt"/>
          <line num="16" count="1" type="stmt"/>
          <line num="17" count="1" type="stmt"/>
          <line num="18" count="1" type="stmt"/>
          <line num="19" count="1" type="stmt"/>
          <line num="23" count="6" type="stmt"/>
          <line num="24" count="6" type="stmt"/>
          <line num="36" count="3" type="stmt"/>
        </file>
        <file name="PersonaSwitcher.js" path="/Users/puddlejumper/Testing/offline-forum/src/components/PersonaSwitcher.js">
          <metrics statements="3" coveredstatements="3" conditionals="0" coveredconditionals="0" methods="1" coveredmethods="1"/>
          <line num="5" count="2" type="stmt"/>
          <line num="6" count="1" type="stmt"/>
          <line num="31" count="2" type="stmt"/>
        </file>
        <file name="Posts.js" path="/Users/puddlejumper/Testing/offline-forum/src/components/Posts.js">
          <metrics statements="9" coveredstatements="7" conditionals="0" coveredconditionals="0" methods="6" coveredmethods="5"/>
          <line num="13" count="1" type="stmt"/>
          <line num="17" count="1" type="stmt"/>
          <line num="18" count="1" type="stmt"/>
          <line num="22" count="0" type="stmt"/>
          <line num="23" count="0" type="stmt"/>
          <line num="27" count="3" type="stmt"/>
          <line num="28" count="1" type="stmt"/>
          <line num="37" count="2" type="stmt"/>
          <line num="49" count="2" type="stmt"/>
        </file>
        <file name="SingleComment.js" path="/Users/puddlejumper/Testing/offline-forum/src/components/SingleComment.js">
          <metrics statements="4" coveredstatements="4" conditionals="2" coveredconditionals="2" methods="2" coveredmethods="2"/>
          <line num="5" count="5" type="stmt"/>
          <line num="6" count="1" type="stmt"/>
          <line num="10" count="1" type="stmt"/>
          <line num="23" count="5" type="stmt"/>
        </file>
        <file name="SinglePost.js" path="/Users/puddlejumper/Testing/offline-forum/src/components/SinglePost.js">
          <metrics statements="4" coveredstatements="4" conditionals="2" coveredconditionals="2" methods="2" coveredmethods="2"/>
          <line num="7" count="3" type="stmt"/>
          <line num="8" count="1" type="stmt"/>
          <line num="13" count="1" type="stmt"/>
          <line num="28" count="3" type="stmt"/>
        </file>
      </package>
      <package name="src.components.Bot">
        <metrics statements="26" coveredstatements="25" conditionals="4" coveredconditionals="4" methods="13" coveredmethods="12"/>
        <file name="Bot.js" path="/Users/puddlejumper/Testing/offline-forum/src/components/Bot/Bot.js">
          <metrics statements="10" coveredstatements="9" conditionals="0" coveredconditionals="0" methods="6" coveredmethods="5"/>
          <line num="14" count="1" type="stmt"/>
          <line num="18" count="1" type="stmt"/>
          <line num="19" count="1" type="stmt"/>
          <line num="20" count="1" type="stmt"/>
          <line num="24" count="2" type="stmt"/>
          <line num="25" count="2" type="stmt"/>
          <line num="27" count="0" type="stmt"/>
          <line num="31" count="4" type="stmt"/>
          <line num="32" count="2" type="stmt"/>
          <line num="35" count="4" type="stmt"/>
        </file>
        <file name="Message.js" path="/Users/puddlejumper/Testing/offline-forum/src/components/Bot/Message.js">
          <metrics statements="4" coveredstatements="4" conditionals="2" coveredconditionals="2" methods="1" coveredmethods="1"/>
          <line num="4" count="3" type="stmt"/>
          <line num="6" count="3" type="stmt"/>
          <line num="7" count="4" type="stmt"/>
          <line num="16" count="3" type="stmt"/>
        </file>
        <file name="MessageForm.js" path="/Users/puddlejumper/Testing/offline-forum/src/components/Bot/MessageForm.js">
          <metrics statements="8" coveredstatements="8" conditionals="0" coveredconditionals="0" methods="5" coveredmethods="5"/>
          <line num="11" count="2" type="stmt"/>
          <line num="14" count="1" type="stmt"/>
          <line num="17" count="1" type="stmt"/>
          <line num="18" count="1" type="stmt"/>
          <line num="19" count="1" type="stmt"/>
          <line num="23" count="7" type="stmt"/>
          <line num="30" count="12" type="stmt"/>
          <line num="42" count="3" type="stmt"/>
        </file>
        <file name="TypingIndicator.js" path="/Users/puddlejumper/Testing/offline-forum/src/components/Bot/TypingIndicator.js">
          <metrics statements="4" coveredstatements="4" conditionals="2" coveredconditionals="2" methods="1" coveredmethods="1"/>
          <line num="5" count="2" type="stmt"/>
          <line num="6" count="4" type="cond" truecount="2" falsecount="0"/>
          <line num="15" count="2" type="stmt"/>
          <line num="19" count="2" type="stmt"/>
        </file>
      </package>
    </metrics>
  </project>
</coverage>
