{"/Users/puddlejumper/Testing/offline-forum/src/index.js": {"path":"/Users/puddlejumper/Testing/offline-forum/src/index.js","statementMap":{"0":{"start":{"line":1,"column":32},"end":{"line":1,"column":88}},"1":{"start":{"line":1,"column":102},"end":{"line":1,"column":118}},"2":{"start":{"line":1,"column":133},"end":{"line":1,"column":163}},"3":{"start":{"line":2,"column":16},"end":{"line":2,"column":36}},"4":{"start":{"line":2,"column":54},"end":{"line":2,"column":87}},"5":{"start":{"line":3,"column":29},"end":{"line":3,"column":63}},"6":{"start":{"line":3,"column":94},"end":{"line":3,"column":140}},"7":{"start":{"line":4,"column":17},"end":{"line":4,"column":39}},"8":{"start":{"line":4,"column":58},"end":{"line":4,"column":92}},"9":{"start":{"line":5,"column":11},"end":{"line":5,"column":38}},"10":{"start":{"line":5,"column":51},"end":{"line":5,"column":79}},"11":{"start":{"line":6,"column":0},"end":{"line":6,"column":23}},"12":{"start":{"line":6,"column":61},"end":{"line":6,"column":115}},"13":{"start":{"line":8,"column":28},"end":{"line":8,"column":57}},"14":{"start":{"line":9,"column":0},"end":{"line":11,"column":1}},"15":{"start":{"line":10,"column":2},"end":{"line":10,"column":74}},"16":{"start":{"line":13,"column":19},"end":{"line":13,"column":50}},"17":{"start":{"line":15,"column":0},"end":{"line":15,"column":161}},"18":{"start":{"line":17,"column":0},"end":{"line":17,"column":39}}},"fnMap":{"0":{"name":"_interopRequireDefault","decl":{"start":{"line":6,"column":32},"end":{"line":6,"column":54}},"loc":{"start":{"line":6,"column":60},"end":{"line":6,"column":116}},"line":6}},"branchMap":{"0":{"loc":{"start":{"line":6,"column":68},"end":{"line":6,"column":114}},"type":"cond-expr","locations":[{"start":{"line":6,"column":92},"end":{"line":6,"column":95}},{"start":{"line":6,"column":98},"end":{"line":6,"column":114}}],"line":6},"1":{"loc":{"start":{"line":6,"column":68},"end":{"line":6,"column":89}},"type":"binary-expr","locations":[{"start":{"line":6,"column":68},"end":{"line":6,"column":71}},{"start":{"line":6,"column":75},"end":{"line":6,"column":89}}],"line":6},"2":{"loc":{"start":{"line":9,"column":0},"end":{"line":11,"column":1}},"type":"if","locations":[{"start":{"line":9,"column":0},"end":{"line":11,"column":1}},{"start":{"line":9,"column":0},"end":{"line":11,"column":1}}],"line":9}},"s":{"0":0,"1":0,"2":0,"3":0,"4":0,"5":0,"6":0,"7":0,"8":0,"9":0,"10":0,"11":0,"12":0,"13":0,"14":0,"15":0,"16":0,"17":0,"18":0},"f":{"0":0},"b":{"0":[0,0],"1":[0,0],"2":[0,0]}}
,"/Users/puddlejumper/Testing/offline-forum/src/api/index.js": {"path":"/Users/puddlejumper/Testing/offline-forum/src/api/index.js","statementMap":{"0":{"start":{"line":7,"column":2},"end":{"line":9,"column":20}},"1":{"start":{"line":20,"column":2},"end":{"line":27,"column":3}},"2":{"start":{"line":34,"column":16},"end":{"line":34,"column":45}},"3":{"start":{"line":35,"column":2},"end":{"line":35,"column":40}},"4":{"start":{"line":43,"column":28},"end":{"line":43,"column":50}},"5":{"start":{"line":44,"column":2},"end":{"line":44,"column":51}},"6":{"start":{"line":48,"column":16},"end":{"line":48,"column":31}},"7":{"start":{"line":49,"column":24},"end":{"line":49,"column":64}},"8":{"start":{"line":49,"column":45},"end":{"line":49,"column":63}},"9":{"start":{"line":50,"column":2},"end":{"line":50,"column":33}},"10":{"start":{"line":57,"column":19},"end":{"line":57,"column":51}},"11":{"start":{"line":58,"column":2},"end":{"line":58,"column":46}},"12":{"start":{"line":67,"column":2},"end":{"line":73,"column":3}},"13":{"start":{"line":77,"column":28},"end":{"line":77,"column":50}},"14":{"start":{"line":78,"column":2},"end":{"line":78,"column":61}},"15":{"start":{"line":82,"column":2},"end":{"line":82,"column":59}},"16":{"start":{"line":82,"column":36},"end":{"line":82,"column":57}},"17":{"start":{"line":86,"column":19},"end":{"line":86,"column":34}},"18":{"start":{"line":87,"column":27},"end":{"line":87,"column":79}},"19":{"start":{"line":87,"column":54},"end":{"line":87,"column":78}},"20":{"start":{"line":88,"column":2},"end":{"line":88,"column":39}},"21":{"start":{"line":92,"column":25},"end":{"line":92,"column":63}},"22":{"start":{"line":93,"column":2},"end":{"line":93,"column":58}},"23":{"start":{"line":97,"column":19},"end":{"line":97,"column":51}},"24":{"start":{"line":98,"column":2},"end":{"line":98,"column":46}},"25":{"start":{"line":102,"column":29},"end":{"line":102,"column":52}},"26":{"start":{"line":103,"column":2},"end":{"line":103,"column":68}},"27":{"start":{"line":107,"column":2},"end":{"line":107,"column":59}},"28":{"start":{"line":110,"column":18},"end":{"line":123,"column":1}},"29":{"start":{"line":126,"column":20},"end":{"line":126,"column":49}},"30":{"start":{"line":127,"column":28},"end":{"line":127,"column":70}},"31":{"start":{"line":128,"column":2},"end":{"line":132,"column":5}},"32":{"start":{"line":129,"column":4},"end":{"line":131,"column":18}},"33":{"start":{"line":130,"column":6},"end":{"line":130,"column":67}}},"fnMap":{"0":{"name":"generateID","decl":{"start":{"line":6,"column":16},"end":{"line":6,"column":26}},"loc":{"start":{"line":6,"column":28},"end":{"line":10,"column":1}},"line":6},"1":{"name":"createPostObject","decl":{"start":{"line":19,"column":16},"end":{"line":19,"column":32}},"loc":{"start":{"line":19,"column":66},"end":{"line":28,"column":1}},"line":19},"2":{"name":"fetchAllPosts","decl":{"start":{"line":33,"column":16},"end":{"line":33,"column":29}},"loc":{"start":{"line":33,"column":31},"end":{"line":36,"column":1}},"line":33},"3":{"name":"storePostObject","decl":{"start":{"line":42,"column":16},"end":{"line":42,"column":31}},"loc":{"start":{"line":42,"column":40},"end":{"line":45,"column":1}},"line":42},"4":{"name":"removePost","decl":{"start":{"line":47,"column":16},"end":{"line":47,"column":26}},"loc":{"start":{"line":47,"column":35},"end":{"line":51,"column":1}},"line":47},"5":{"name":"(anonymous_5)","decl":{"start":{"line":49,"column":37},"end":{"line":49,"column":38}},"loc":{"start":{"line":49,"column":45},"end":{"line":49,"column":63}},"line":49},"6":{"name":"fetchAllCommments","decl":{"start":{"line":56,"column":16},"end":{"line":56,"column":33}},"loc":{"start":{"line":56,"column":36},"end":{"line":59,"column":1}},"line":56},"7":{"name":"createCommentObject","decl":{"start":{"line":66,"column":16},"end":{"line":66,"column":35}},"loc":{"start":{"line":66,"column":65},"end":{"line":74,"column":1}},"line":66},"8":{"name":"storeCommentObject","decl":{"start":{"line":76,"column":16},"end":{"line":76,"column":34}},"loc":{"start":{"line":76,"column":43},"end":{"line":79,"column":1}},"line":76},"9":{"name":"filterComments","decl":{"start":{"line":81,"column":16},"end":{"line":81,"column":30}},"loc":{"start":{"line":81,"column":44},"end":{"line":83,"column":1}},"line":81},"10":{"name":"(anonymous_10)","decl":{"start":{"line":82,"column":25},"end":{"line":82,"column":26}},"loc":{"start":{"line":82,"column":36},"end":{"line":82,"column":57}},"line":82},"11":{"name":"removeComment","decl":{"start":{"line":85,"column":16},"end":{"line":85,"column":29}},"loc":{"start":{"line":85,"column":41},"end":{"line":89,"column":1}},"line":85},"12":{"name":"(anonymous_12)","decl":{"start":{"line":87,"column":43},"end":{"line":87,"column":44}},"loc":{"start":{"line":87,"column":54},"end":{"line":87,"column":78}},"line":87},"13":{"name":"fetchCurrentPersona","decl":{"start":{"line":91,"column":16},"end":{"line":91,"column":35}},"loc":{"start":{"line":91,"column":38},"end":{"line":94,"column":1}},"line":91},"14":{"name":"fetchPersonas","decl":{"start":{"line":96,"column":16},"end":{"line":96,"column":29}},"loc":{"start":{"line":96,"column":31},"end":{"line":99,"column":1}},"line":96},"15":{"name":"storeCurrentPersona","decl":{"start":{"line":101,"column":16},"end":{"line":101,"column":35}},"loc":{"start":{"line":101,"column":45},"end":{"line":104,"column":1}},"line":101},"16":{"name":"generateRandomInt","decl":{"start":{"line":106,"column":9},"end":{"line":106,"column":26}},"loc":{"start":{"line":106,"column":37},"end":{"line":108,"column":1}},"line":106},"17":{"name":"botReply","decl":{"start":{"line":125,"column":16},"end":{"line":125,"column":24}},"loc":{"start":{"line":125,"column":27},"end":{"line":133,"column":1}},"line":125},"18":{"name":"(anonymous_18)","decl":{"start":{"line":128,"column":21},"end":{"line":128,"column":22}},"loc":{"start":{"line":128,"column":32},"end":{"line":132,"column":3}},"line":128},"19":{"name":"(anonymous_19)","decl":{"start":{"line":129,"column":15},"end":{"line":129,"column":16}},"loc":{"start":{"line":129,"column":21},"end":{"line":131,"column":5}},"line":129}},"branchMap":{"0":{"loc":{"start":{"line":19,"column":33},"end":{"line":19,"column":43}},"type":"default-arg","locations":[{"start":{"line":19,"column":41},"end":{"line":19,"column":43}}],"line":19},"1":{"loc":{"start":{"line":19,"column":45},"end":{"line":19,"column":57}},"type":"default-arg","locations":[{"start":{"line":19,"column":55},"end":{"line":19,"column":57}}],"line":19},"2":{"loc":{"start":{"line":35,"column":9},"end":{"line":35,"column":39}},"type":"cond-expr","locations":[{"start":{"line":35,"column":17},"end":{"line":35,"column":34}},{"start":{"line":35,"column":37},"end":{"line":35,"column":39}}],"line":35},"3":{"loc":{"start":{"line":58,"column":9},"end":{"line":58,"column":45}},"type":"cond-expr","locations":[{"start":{"line":58,"column":20},"end":{"line":58,"column":40}},{"start":{"line":58,"column":43},"end":{"line":58,"column":45}}],"line":58},"4":{"loc":{"start":{"line":66,"column":36},"end":{"line":66,"column":48}},"type":"default-arg","locations":[{"start":{"line":66,"column":46},"end":{"line":66,"column":48}}],"line":66},"5":{"loc":{"start":{"line":93,"column":9},"end":{"line":93,"column":57}},"type":"cond-expr","locations":[{"start":{"line":93,"column":26},"end":{"line":93,"column":52}},{"start":{"line":93,"column":55},"end":{"line":93,"column":57}}],"line":93},"6":{"loc":{"start":{"line":98,"column":9},"end":{"line":98,"column":45}},"type":"cond-expr","locations":[{"start":{"line":98,"column":20},"end":{"line":98,"column":40}},{"start":{"line":98,"column":43},"end":{"line":98,"column":45}}],"line":98}},"s":{"0":2,"1":1,"2":2,"3":2,"4":1,"5":1,"6":0,"7":0,"8":0,"9":0,"10":5,"11":5,"12":1,"13":1,"14":1,"15":4,"16":0,"17":0,"18":0,"19":0,"20":0,"21":5,"22":5,"23":0,"24":0,"25":0,"26":0,"27":4,"28":8,"29":2,"30":2,"31":2,"32":2,"33":0},"f":{"0":2,"1":1,"2":2,"3":1,"4":0,"5":0,"6":5,"7":1,"8":1,"9":4,"10":0,"11":0,"12":0,"13":5,"14":0,"15":0,"16":4,"17":2,"18":2,"19":0},"b":{"0":[0],"1":[0],"2":[0,2],"3":[0,5],"4":[0],"5":[0,5],"6":[0,0]},"_coverageSchema":"332fd63041d2c1bcb487cc26dd0d5f7d97098a6c","hash":"a839e0376d0f978d88c46900e3f4b3fcbca90a02"}
,"/Users/puddlejumper/Testing/offline-forum/src/components/App.js": {"path":"/Users/puddlejumper/Testing/offline-forum/src/components/App.js","statementMap":{"0":{"start":{"line":15,"column":4},"end":{"line":15,"column":31}},"1":{"start":{"line":19,"column":27},"end":{"line":19,"column":52}},"2":{"start":{"line":20,"column":4},"end":{"line":20,"column":38}},"3":{"start":{"line":24,"column":4},"end":{"line":24,"column":52}},"4":{"start":{"line":25,"column":4},"end":{"line":25,"column":42}},"5":{"start":{"line":29,"column":4},"end":{"line":33,"column":5}},"6":{"start":{"line":30,"column":6},"end":{"line":30,"column":44}},"7":{"start":{"line":32,"column":6},"end":{"line":32,"column":45}},"8":{"start":{"line":37,"column":4},"end":{"line":57,"column":6}}},"fnMap":{"0":{"name":"(anonymous_0)","decl":{"start":{"line":14,"column":2},"end":{"line":14,"column":3}},"loc":{"start":{"line":14,"column":22},"end":{"line":16,"column":3}},"line":14},"1":{"name":"(anonymous_1)","decl":{"start":{"line":18,"column":24},"end":{"line":18,"column":25}},"loc":{"start":{"line":18,"column":30},"end":{"line":21,"column":3}},"line":18},"2":{"name":"(anonymous_2)","decl":{"start":{"line":23,"column":18},"end":{"line":23,"column":19}},"loc":{"start":{"line":23,"column":34},"end":{"line":26,"column":3}},"line":23},"3":{"name":"(anonymous_3)","decl":{"start":{"line":28,"column":15},"end":{"line":28,"column":16}},"loc":{"start":{"line":28,"column":21},"end":{"line":34,"column":3}},"line":28},"4":{"name":"(anonymous_4)","decl":{"start":{"line":36,"column":2},"end":{"line":36,"column":3}},"loc":{"start":{"line":36,"column":11},"end":{"line":58,"column":3}},"line":36}},"branchMap":{"0":{"loc":{"start":{"line":29,"column":4},"end":{"line":33,"column":5}},"type":"if","locations":[{"start":{"line":29,"column":4},"end":{"line":33,"column":5}},{"start":{"line":29,"column":4},"end":{"line":33,"column":5}}],"line":29},"1":{"loc":{"start":{"line":43,"column":11},"end":{"line":45,"column":31}},"type":"cond-expr","locations":[{"start":{"line":44,"column":14},"end":{"line":44,"column":36}},{"start":{"line":45,"column":14},"end":{"line":45,"column":31}}],"line":43},"2":{"loc":{"start":{"line":51,"column":9},"end":{"line":55,"column":9}},"type":"cond-expr","locations":[{"start":{"line":52,"column":10},"end":{"line":52,"column":62}},{"start":{"line":54,"column":10},"end":{"line":54,"column":17}}],"line":51}},"s":{"0":5,"1":5,"2":5,"3":1,"4":0,"5":2,"6":1,"7":1,"8":12},"f":{"0":5,"1":5,"2":1,"3":2,"4":12},"b":{"0":[1,1],"1":[11,1],"2":[11,1]},"_coverageSchema":"332fd63041d2c1bcb487cc26dd0d5f7d97098a6c","hash":"8c766abdb8c37e18eb4a094e900e32fb96400921"}
,"/Users/puddlejumper/Testing/offline-forum/src/components/AvatarSelector.js": {"path":"/Users/puddlejumper/Testing/offline-forum/src/components/AvatarSelector.js","statementMap":{"0":{"start":{"line":7,"column":23},"end":{"line":28,"column":1}},"1":{"start":{"line":9,"column":12},"end":{"line":9,"column":15}},"2":{"start":{"line":10,"column":2},"end":{"line":12,"column":3}},"3":{"start":{"line":11,"column":4},"end":{"line":11,"column":14}},"4":{"start":{"line":13,"column":2},"end":{"line":15,"column":3}},"5":{"start":{"line":14,"column":4},"end":{"line":14,"column":20}},"6":{"start":{"line":16,"column":2},"end":{"line":18,"column":3}},"7":{"start":{"line":17,"column":4},"end":{"line":17,"column":18}},"8":{"start":{"line":20,"column":2},"end":{"line":27,"column":4}},"9":{"start":{"line":30,"column":0},"end":{"line":32,"column":2}}},"fnMap":{"0":{"name":"(anonymous_0)","decl":{"start":{"line":7,"column":23},"end":{"line":7,"column":24}},"loc":{"start":{"line":7,"column":47},"end":{"line":28,"column":1}},"line":7}},"branchMap":{"0":{"loc":{"start":{"line":10,"column":2},"end":{"line":12,"column":3}},"type":"if","locations":[{"start":{"line":10,"column":2},"end":{"line":12,"column":3}},{"start":{"line":10,"column":2},"end":{"line":12,"column":3}}],"line":10},"1":{"loc":{"start":{"line":13,"column":2},"end":{"line":15,"column":3}},"type":"if","locations":[{"start":{"line":13,"column":2},"end":{"line":15,"column":3}},{"start":{"line":13,"column":2},"end":{"line":15,"column":3}}],"line":13},"2":{"loc":{"start":{"line":16,"column":2},"end":{"line":18,"column":3}},"type":"if","locations":[{"start":{"line":16,"column":2},"end":{"line":18,"column":3}},{"start":{"line":16,"column":2},"end":{"line":18,"column":3}}],"line":16}},"s":{"0":3,"1":4,"2":4,"3":1,"4":4,"5":1,"6":4,"7":2,"8":4,"9":3},"f":{"0":4},"b":{"0":[1,3],"1":[1,3],"2":[2,2]},"_coverageSchema":"332fd63041d2c1bcb487cc26dd0d5f7d97098a6c","hash":"9ec462cd9c175a292ad84f294008056a4989bde9"}
,"/Users/puddlejumper/Testing/offline-forum/src/components/Button.js": {"path":"/Users/puddlejumper/Testing/offline-forum/src/components/Button.js","statementMap":{"0":{"start":{"line":4,"column":21},"end":{"line":4,"column":104}},"1":{"start":{"line":6,"column":20},"end":{"line":6,"column":97}},"2":{"start":{"line":7,"column":15},"end":{"line":17,"column":1}},"3":{"start":{"line":9,"column":2},"end":{"line":16,"column":11}},"4":{"start":{"line":18,"column":0},"end":{"line":23,"column":1}},"5":{"start":{"line":25,"column":0},"end":{"line":28,"column":1}}},"fnMap":{"0":{"name":"(anonymous_0)","decl":{"start":{"line":7,"column":15},"end":{"line":7,"column":16}},"loc":{"start":{"line":9,"column":2},"end":{"line":16,"column":11}},"line":9}},"branchMap":{"0":{"loc":{"start":{"line":10,"column":18},"end":{"line":10,"column":53}},"type":"cond-expr","locations":[{"start":{"line":10,"column":27},"end":{"line":10,"column":38}},{"start":{"line":10,"column":41},"end":{"line":10,"column":53}}],"line":10}},"s":{"0":6,"1":6,"2":6,"3":3,"4":6,"5":6},"f":{"0":3},"b":{"0":[2,1]},"_coverageSchema":"332fd63041d2c1bcb487cc26dd0d5f7d97098a6c","hash":"ca4abf308ed5b9e7c5b2e184448a4e8e6e0d5abf"}
,"/Users/puddlejumper/Testing/offline-forum/src/components/Comments.js": {"path":"/Users/puddlejumper/Testing/offline-forum/src/components/Comments.js","statementMap":{"0":{"start":{"line":13,"column":4},"end":{"line":13,"column":39}},"1":{"start":{"line":17,"column":28},"end":{"line":17,"column":51}},"2":{"start":{"line":18,"column":21},"end":{"line":18,"column":64}},"3":{"start":{"line":19,"column":4},"end":{"line":19,"column":32}},"4":{"start":{"line":23,"column":4},"end":{"line":23,"column":33}},"5":{"start":{"line":24,"column":4},"end":{"line":24,"column":39}},"6":{"start":{"line":28,"column":4},"end":{"line":34,"column":6}},"7":{"start":{"line":29,"column":6},"end":{"line":33,"column":8}},"8":{"start":{"line":37,"column":4},"end":{"line":47,"column":6}},"9":{"start":{"line":51,"column":0},"end":{"line":54,"column":2}}},"fnMap":{"0":{"name":"(anonymous_0)","decl":{"start":{"line":12,"column":2},"end":{"line":12,"column":3}},"loc":{"start":{"line":12,"column":22},"end":{"line":14,"column":3}},"line":12},"1":{"name":"(anonymous_1)","decl":{"start":{"line":16,"column":32},"end":{"line":16,"column":33}},"loc":{"start":{"line":16,"column":64},"end":{"line":20,"column":3}},"line":16},"2":{"name":"(anonymous_2)","decl":{"start":{"line":22,"column":18},"end":{"line":22,"column":19}},"loc":{"start":{"line":22,"column":31},"end":{"line":25,"column":3}},"line":22},"3":{"name":"(anonymous_3)","decl":{"start":{"line":27,"column":22},"end":{"line":27,"column":23}},"loc":{"start":{"line":28,"column":4},"end":{"line":34,"column":6}},"line":28},"4":{"name":"(anonymous_4)","decl":{"start":{"line":28,"column":17},"end":{"line":28,"column":18}},"loc":{"start":{"line":29,"column":6},"end":{"line":33,"column":8}},"line":29},"5":{"name":"(anonymous_5)","decl":{"start":{"line":36,"column":2},"end":{"line":36,"column":3}},"loc":{"start":{"line":36,"column":11},"end":{"line":48,"column":3}},"line":36}},"branchMap":{"0":{"loc":{"start":{"line":16,"column":33},"end":{"line":16,"column":59}},"type":"default-arg","locations":[{"start":{"line":16,"column":42},"end":{"line":16,"column":59}}],"line":16}},"s":{"0":4,"1":4,"2":4,"3":4,"4":0,"5":0,"6":9,"7":1,"8":8,"9":4},"f":{"0":4,"1":4,"2":0,"3":9,"4":1,"5":8},"b":{"0":[4]},"_coverageSchema":"332fd63041d2c1bcb487cc26dd0d5f7d97098a6c","hash":"dd41e47a9e461ed3f369ecec4d9b8cb43d897e17"}
,"/Users/puddlejumper/Testing/offline-forum/src/components/CreateNewComment.js": {"path":"/Users/puddlejumper/Testing/offline-forum/src/components/CreateNewComment.js","statementMap":{"0":{"start":{"line":10,"column":18},"end":{"line":10,"column":68}},"1":{"start":{"line":13,"column":4},"end":{"line":13,"column":23}},"2":{"start":{"line":14,"column":28},"end":{"line":14,"column":51}},"3":{"start":{"line":15,"column":23},"end":{"line":19,"column":5}},"4":{"start":{"line":20,"column":4},"end":{"line":20,"column":61}},"5":{"start":{"line":21,"column":4},"end":{"line":21,"column":49}},"6":{"start":{"line":22,"column":4},"end":{"line":22,"column":35}},"7":{"start":{"line":26,"column":4},"end":{"line":47,"column":6}},"8":{"start":{"line":51,"column":0},"end":{"line":55,"column":1}}},"fnMap":{"0":{"name":"(anonymous_0)","decl":{"start":{"line":10,"column":13},"end":{"line":10,"column":14}},"loc":{"start":{"line":10,"column":18},"end":{"line":10,"column":68}},"line":10},"1":{"name":"(anonymous_1)","decl":{"start":{"line":12,"column":13},"end":{"line":12,"column":14}},"loc":{"start":{"line":12,"column":18},"end":{"line":23,"column":3}},"line":12},"2":{"name":"(anonymous_2)","decl":{"start":{"line":25,"column":2},"end":{"line":25,"column":3}},"loc":{"start":{"line":25,"column":11},"end":{"line":48,"column":3}},"line":25}},"branchMap":{},"s":{"0":3,"1":1,"2":1,"3":1,"4":1,"5":1,"6":1,"7":15,"8":5},"f":{"0":3,"1":1,"2":15},"b":{},"_coverageSchema":"332fd63041d2c1bcb487cc26dd0d5f7d97098a6c","hash":"5bb2f620081ce4f1068319420bf565b872afb843"}
,"/Users/puddlejumper/Testing/offline-forum/src/components/CreateNewPost.js": {"path":"/Users/puddlejumper/Testing/offline-forum/src/components/CreateNewPost.js","statementMap":{"0":{"start":{"line":11,"column":18},"end":{"line":11,"column":68}},"1":{"start":{"line":13,"column":4},"end":{"line":13,"column":23}},"2":{"start":{"line":14,"column":31},"end":{"line":14,"column":41}},"3":{"start":{"line":15,"column":20},"end":{"line":15,"column":75}},"4":{"start":{"line":16,"column":25},"end":{"line":16,"column":44}},"5":{"start":{"line":17,"column":4},"end":{"line":17,"column":52}},"6":{"start":{"line":18,"column":4},"end":{"line":18,"column":29}},"7":{"start":{"line":19,"column":4},"end":{"line":19,"column":45}},"8":{"start":{"line":23,"column":30},"end":{"line":23,"column":40}},"9":{"start":{"line":24,"column":4},"end":{"line":32,"column":6}},"10":{"start":{"line":36,"column":0},"end":{"line":39,"column":1}}},"fnMap":{"0":{"name":"(anonymous_0)","decl":{"start":{"line":11,"column":13},"end":{"line":11,"column":14}},"loc":{"start":{"line":11,"column":18},"end":{"line":11,"column":68}},"line":11},"1":{"name":"(anonymous_1)","decl":{"start":{"line":12,"column":13},"end":{"line":12,"column":14}},"loc":{"start":{"line":12,"column":18},"end":{"line":20,"column":3}},"line":12},"2":{"name":"(anonymous_2)","decl":{"start":{"line":22,"column":2},"end":{"line":22,"column":3}},"loc":{"start":{"line":22,"column":11},"end":{"line":33,"column":3}},"line":22}},"branchMap":{},"s":{"0":1,"1":1,"2":1,"3":1,"4":1,"5":1,"6":1,"7":1,"8":6,"9":6,"10":3},"f":{"0":1,"1":1,"2":6},"b":{},"_coverageSchema":"332fd63041d2c1bcb487cc26dd0d5f7d97098a6c","hash":"6b26a51b2715b672c61236a0290e573d0a614c1e"}
,"/Users/puddlejumper/Testing/offline-forum/src/components/PersonaSwitcher.js": {"path":"/Users/puddlejumper/Testing/offline-forum/src/components/PersonaSwitcher.js","statementMap":{"0":{"start":{"line":5,"column":24},"end":{"line":29,"column":1}},"1":{"start":{"line":6,"column":2},"end":{"line":28,"column":8}},"2":{"start":{"line":31,"column":0},"end":{"line":34,"column":2}}},"fnMap":{"0":{"name":"(anonymous_0)","decl":{"start":{"line":5,"column":24},"end":{"line":5,"column":25}},"loc":{"start":{"line":6,"column":2},"end":{"line":28,"column":8}},"line":6}},"branchMap":{},"s":{"0":2,"1":1,"2":2},"f":{"0":1},"b":{},"_coverageSchema":"332fd63041d2c1bcb487cc26dd0d5f7d97098a6c","hash":"7914133d6249ea14c5801ebdff65cff806b63449"}
,"/Users/puddlejumper/Testing/offline-forum/src/components/Posts.js": {"path":"/Users/puddlejumper/Testing/offline-forum/src/components/Posts.js","statementMap":{"0":{"start":{"line":13,"column":4},"end":{"line":13,"column":35}},"1":{"start":{"line":17,"column":18},"end":{"line":17,"column":37}},"2":{"start":{"line":18,"column":4},"end":{"line":18,"column":29}},"3":{"start":{"line":22,"column":4},"end":{"line":22,"column":27}},"4":{"start":{"line":23,"column":4},"end":{"line":23,"column":35}},"5":{"start":{"line":27,"column":4},"end":{"line":34,"column":6}},"6":{"start":{"line":28,"column":6},"end":{"line":33,"column":8}},"7":{"start":{"line":37,"column":4},"end":{"line":45,"column":6}},"8":{"start":{"line":49,"column":0},"end":{"line":51,"column":2}}},"fnMap":{"0":{"name":"(anonymous_0)","decl":{"start":{"line":12,"column":2},"end":{"line":12,"column":3}},"loc":{"start":{"line":12,"column":22},"end":{"line":14,"column":3}},"line":12},"1":{"name":"(anonymous_1)","decl":{"start":{"line":16,"column":28},"end":{"line":16,"column":29}},"loc":{"start":{"line":16,"column":34},"end":{"line":19,"column":3}},"line":16},"2":{"name":"(anonymous_2)","decl":{"start":{"line":21,"column":15},"end":{"line":21,"column":16}},"loc":{"start":{"line":21,"column":27},"end":{"line":24,"column":3}},"line":21},"3":{"name":"(anonymous_3)","decl":{"start":{"line":26,"column":19},"end":{"line":26,"column":20}},"loc":{"start":{"line":27,"column":4},"end":{"line":34,"column":6}},"line":27},"4":{"name":"(anonymous_4)","decl":{"start":{"line":27,"column":14},"end":{"line":27,"column":15}},"loc":{"start":{"line":28,"column":6},"end":{"line":33,"column":8}},"line":28},"5":{"name":"(anonymous_5)","decl":{"start":{"line":36,"column":2},"end":{"line":36,"column":3}},"loc":{"start":{"line":36,"column":11},"end":{"line":46,"column":3}},"line":36}},"branchMap":{},"s":{"0":1,"1":1,"2":1,"3":0,"4":0,"5":3,"6":1,"7":2,"8":2},"f":{"0":1,"1":1,"2":0,"3":3,"4":1,"5":2},"b":{},"_coverageSchema":"332fd63041d2c1bcb487cc26dd0d5f7d97098a6c","hash":"e59fca243e1631e0cdf5e33855056534dd95643d"}
,"/Users/puddlejumper/Testing/offline-forum/src/components/SingleComment.js": {"path":"/Users/puddlejumper/Testing/offline-forum/src/components/SingleComment.js","statementMap":{"0":{"start":{"line":5,"column":22},"end":{"line":21,"column":1}},"1":{"start":{"line":6,"column":2},"end":{"line":20,"column":8}},"2":{"start":{"line":10,"column":23},"end":{"line":10,"column":34}},"3":{"start":{"line":23,"column":0},"end":{"line":30,"column":1}}},"fnMap":{"0":{"name":"(anonymous_0)","decl":{"start":{"line":5,"column":22},"end":{"line":5,"column":23}},"loc":{"start":{"line":6,"column":2},"end":{"line":20,"column":8}},"line":6},"1":{"name":"(anonymous_1)","decl":{"start":{"line":10,"column":17},"end":{"line":10,"column":18}},"loc":{"start":{"line":10,"column":23},"end":{"line":10,"column":34}},"line":10}},"branchMap":{"0":{"loc":{"start":{"line":7,"column":5},"end":{"line":15,"column":5}},"type":"binary-expr","locations":[{"start":{"line":7,"column":5},"end":{"line":7,"column":30}},{"start":{"line":8,"column":6},"end":{"line":14,"column":15}}],"line":7}},"s":{"0":5,"1":1,"2":1,"3":5},"f":{"0":1,"1":1},"b":{"0":[1,1]},"_coverageSchema":"332fd63041d2c1bcb487cc26dd0d5f7d97098a6c","hash":"8113e553132232b2cc54243f8cb906bceb6fc43e"}
,"/Users/puddlejumper/Testing/offline-forum/src/components/SinglePost.js": {"path":"/Users/puddlejumper/Testing/offline-forum/src/components/SinglePost.js","statementMap":{"0":{"start":{"line":7,"column":19},"end":{"line":26,"column":1}},"1":{"start":{"line":8,"column":2},"end":{"line":25,"column":8}},"2":{"start":{"line":13,"column":25},"end":{"line":13,"column":36}},"3":{"start":{"line":28,"column":0},"end":{"line":36,"column":1}}},"fnMap":{"0":{"name":"(anonymous_0)","decl":{"start":{"line":7,"column":19},"end":{"line":7,"column":20}},"loc":{"start":{"line":8,"column":2},"end":{"line":25,"column":8}},"line":8},"1":{"name":"(anonymous_1)","decl":{"start":{"line":13,"column":19},"end":{"line":13,"column":20}},"loc":{"start":{"line":13,"column":25},"end":{"line":13,"column":36}},"line":13}},"branchMap":{"0":{"loc":{"start":{"line":10,"column":8},"end":{"line":17,"column":17}},"type":"binary-expr","locations":[{"start":{"line":10,"column":8},"end":{"line":10,"column":33}},{"start":{"line":11,"column":8},"end":{"line":17,"column":17}}],"line":10}},"s":{"0":3,"1":1,"2":1,"3":3},"f":{"0":1,"1":1},"b":{"0":[1,1]},"_coverageSchema":"332fd63041d2c1bcb487cc26dd0d5f7d97098a6c","hash":"c85599799cc8b0cbd5010b58321ba2ef0c7eb883"}
,"/Users/puddlejumper/Testing/offline-forum/src/components/Bot/Bot.js": {"path":"/Users/puddlejumper/Testing/offline-forum/src/components/Bot/Bot.js","statementMap":{"0":{"start":{"line":14,"column":23},"end":{"line":17,"column":5}},"1":{"start":{"line":18,"column":24},"end":{"line":18,"column":60}},"2":{"start":{"line":19,"column":4},"end":{"line":19,"column":60}},"3":{"start":{"line":20,"column":4},"end":{"line":20,"column":21}},"4":{"start":{"line":24,"column":4},"end":{"line":24,"column":36}},"5":{"start":{"line":25,"column":4},"end":{"line":28,"column":8}},"6":{"start":{"line":27,"column":8},"end":{"line":27,"column":84}},"7":{"start":{"line":31,"column":31},"end":{"line":32,"column":66}},"8":{"start":{"line":32,"column":29},"end":{"line":32,"column":65}},"9":{"start":{"line":35,"column":4},"end":{"line":43,"column":6}}},"fnMap":{"0":{"name":"(anonymous_0)","decl":{"start":{"line":13,"column":13},"end":{"line":13,"column":14}},"loc":{"start":{"line":13,"column":24},"end":{"line":21,"column":3}},"line":13},"1":{"name":"(anonymous_1)","decl":{"start":{"line":23,"column":14},"end":{"line":23,"column":15}},"loc":{"start":{"line":23,"column":20},"end":{"line":29,"column":3}},"line":23},"2":{"name":"(anonymous_2)","decl":{"start":{"line":26,"column":12},"end":{"line":26,"column":13}},"loc":{"start":{"line":26,"column":21},"end":{"line":28,"column":7}},"line":26},"3":{"name":"(anonymous_3)","decl":{"start":{"line":31,"column":19},"end":{"line":31,"column":20}},"loc":{"start":{"line":31,"column":31},"end":{"line":32,"column":66}},"line":31},"4":{"name":"(anonymous_4)","decl":{"start":{"line":32,"column":9},"end":{"line":32,"column":10}},"loc":{"start":{"line":32,"column":29},"end":{"line":32,"column":65}},"line":32},"5":{"name":"(anonymous_5)","decl":{"start":{"line":34,"column":2},"end":{"line":34,"column":3}},"loc":{"start":{"line":34,"column":11},"end":{"line":44,"column":3}},"line":34}},"branchMap":{},"s":{"0":1,"1":1,"2":1,"3":1,"4":2,"5":2,"6":0,"7":4,"8":2,"9":4},"f":{"0":1,"1":2,"2":0,"3":4,"4":2,"5":4},"b":{},"_coverageSchema":"332fd63041d2c1bcb487cc26dd0d5f7d97098a6c","hash":"94b56e0fa5c66f00fa5be21b907f7da0313fb60c"}
,"/Users/puddlejumper/Testing/offline-forum/src/components/Bot/Message.js": {"path":"/Users/puddlejumper/Testing/offline-forum/src/components/Bot/Message.js","statementMap":{"0":{"start":{"line":4,"column":14},"end":{"line":4,"column":57}},"1":{"start":{"line":6,"column":16},"end":{"line":14,"column":1}},"2":{"start":{"line":7,"column":2},"end":{"line":13,"column":6}},"3":{"start":{"line":16,"column":0},"end":{"line":19,"column":1}}},"fnMap":{"0":{"name":"(anonymous_0)","decl":{"start":{"line":6,"column":16},"end":{"line":6,"column":17}},"loc":{"start":{"line":7,"column":2},"end":{"line":13,"column":6}},"line":7}},"branchMap":{"0":{"loc":{"start":{"line":9,"column":6},"end":{"line":9,"column":63}},"type":"cond-expr","locations":[{"start":{"line":9,"column":12},"end":{"line":9,"column":36}},{"start":{"line":9,"column":39},"end":{"line":9,"column":63}}],"line":9}},"s":{"0":3,"1":3,"2":4,"3":3},"f":{"0":4},"b":{"0":[1,3]},"_coverageSchema":"332fd63041d2c1bcb487cc26dd0d5f7d97098a6c","hash":"92657112d5aad58046a9211bc8720c28c551a9ff"}
,"/Users/puddlejumper/Testing/offline-forum/src/components/Bot/MessageForm.js": {"path":"/Users/puddlejumper/Testing/offline-forum/src/components/Bot/MessageForm.js","statementMap":{"0":{"start":{"line":11,"column":4},"end":{"line":11,"column":23}},"1":{"start":{"line":14,"column":29},"end":{"line":14,"column":75}},"2":{"start":{"line":17,"column":4},"end":{"line":17,"column":23}},"3":{"start":{"line":18,"column":4},"end":{"line":18,"column":48}},"4":{"start":{"line":19,"column":4},"end":{"line":19,"column":37}},"5":{"start":{"line":23,"column":4},"end":{"line":38,"column":6}},"6":{"start":{"line":30,"column":25},"end":{"line":30,"column":43}},"7":{"start":{"line":42,"column":0},"end":{"line":44,"column":2}}},"fnMap":{"0":{"name":"(anonymous_0)","decl":{"start":{"line":10,"column":2},"end":{"line":10,"column":3}},"loc":{"start":{"line":10,"column":21},"end":{"line":12,"column":3}},"line":10},"1":{"name":"(anonymous_1)","decl":{"start":{"line":14,"column":13},"end":{"line":14,"column":14}},"loc":{"start":{"line":14,"column":29},"end":{"line":14,"column":75}},"line":14},"2":{"name":"(anonymous_2)","decl":{"start":{"line":16,"column":13},"end":{"line":16,"column":14}},"loc":{"start":{"line":16,"column":18},"end":{"line":20,"column":3}},"line":16},"3":{"name":"(anonymous_3)","decl":{"start":{"line":22,"column":2},"end":{"line":22,"column":3}},"loc":{"start":{"line":22,"column":11},"end":{"line":39,"column":3}},"line":22},"4":{"name":"(anonymous_4)","decl":{"start":{"line":30,"column":15},"end":{"line":30,"column":16}},"loc":{"start":{"line":30,"column":24},"end":{"line":30,"column":44}},"line":30}},"branchMap":{},"s":{"0":2,"1":1,"2":1,"3":1,"4":1,"5":7,"6":12,"7":3},"f":{"0":2,"1":1,"2":1,"3":7,"4":12},"b":{},"_coverageSchema":"332fd63041d2c1bcb487cc26dd0d5f7d97098a6c","hash":"6af8586a344516e96c219cf2e4f0455687f5384e"}
,"/Users/puddlejumper/Testing/offline-forum/src/components/Bot/TypingIndicator.js": {"path":"/Users/puddlejumper/Testing/offline-forum/src/components/Bot/TypingIndicator.js","statementMap":{"0":{"start":{"line":5,"column":24},"end":{"line":13,"column":1}},"1":{"start":{"line":6,"column":2},"end":{"line":12,"column":11}},"2":{"start":{"line":15,"column":0},"end":{"line":17,"column":1}},"3":{"start":{"line":19,"column":0},"end":{"line":21,"column":1}}},"fnMap":{"0":{"name":"(anonymous_0)","decl":{"start":{"line":5,"column":24},"end":{"line":5,"column":25}},"loc":{"start":{"line":5,"column":40},"end":{"line":13,"column":1}},"line":5}},"branchMap":{"0":{"loc":{"start":{"line":6,"column":9},"end":{"line":12,"column":10}},"type":"cond-expr","locations":[{"start":{"line":7,"column":4},"end":{"line":11,"column":10}},{"start":{"line":12,"column":6},"end":{"line":12,"column":10}}],"line":6}},"s":{"0":2,"1":4,"2":2,"3":2},"f":{"0":4},"b":{"0":[2,2]},"_coverageSchema":"332fd63041d2c1bcb487cc26dd0d5f7d97098a6c","hash":"06d81443039f7612ad435c12f09c741a952969c1"}
}
