TN:
SF:/Users/puddlejumper/Testing/offline-forum/src/index.js
FN:6,_interopRequireDefault
FNF:1
FNH:0
FNDA:0,_interopRequireDefault
DA:1,0
DA:2,0
DA:3,0
DA:4,0
DA:5,0
DA:6,0
DA:8,0
DA:9,0
DA:10,0
DA:13,0
DA:15,0
DA:17,0
LF:12
LH:0
BRDA:6,0,0,0
BRDA:6,0,1,0
BRDA:6,1,0,0
BRDA:6,1,1,0
BRDA:9,2,0,0
BRDA:9,2,1,0
BRF:6
BRH:0
end_of_record
TN:
SF:/Users/puddlejumper/Testing/offline-forum/src/api/index.js
FN:6,generateID
FN:19,createPostObject
FN:33,fetchAllPosts
FN:42,storePostObject
FN:47,removePost
FN:49,(anonymous_5)
FN:56,fetchAllCommments
FN:66,createCommentObject
FN:76,storeCommentObject
FN:81,filterComments
FN:82,(anonymous_10)
FN:85,removeComment
FN:87,(anonymous_12)
FN:91,fetchCurrentPersona
FN:96,fetchPersonas
FN:101,storeCurrentPersona
FN:106,generateRandomInt
FN:125,botReply
FN:128,(anonymous_18)
FN:129,(anonymous_19)
FNF:20
FNH:12
FNDA:2,generateID
FNDA:1,createPostObject
FNDA:2,fetchAllPosts
FNDA:1,storePostObject
FNDA:0,removePost
FNDA:0,(anonymous_5)
FNDA:5,fetchAllCommments
FNDA:1,createCommentObject
FNDA:1,storeCommentObject
FNDA:4,filterComments
FNDA:0,(anonymous_10)
FNDA:0,removeComment
FNDA:0,(anonymous_12)
FNDA:5,fetchCurrentPersona
FNDA:0,fetchPersonas
FNDA:0,storeCurrentPersona
FNDA:4,generateRandomInt
FNDA:2,botReply
FNDA:2,(anonymous_18)
FNDA:0,(anonymous_19)
DA:7,2
DA:20,1
DA:34,2
DA:35,2
DA:43,1
DA:44,1
DA:48,0
DA:49,0
DA:50,0
DA:57,5
DA:58,5
DA:67,1
DA:77,1
DA:78,1
DA:82,4
DA:86,0
DA:87,0
DA:88,0
DA:92,5
DA:93,5
DA:97,0
DA:98,0
DA:102,0
DA:103,0
DA:107,4
DA:110,8
DA:126,2
DA:127,2
DA:128,2
DA:129,2
DA:130,0
LF:31
LH:20
BRDA:19,0,0,0
BRDA:19,1,0,0
BRDA:35,2,0,0
BRDA:35,2,1,2
BRDA:58,3,0,0
BRDA:58,3,1,5
BRDA:66,4,0,0
BRDA:93,5,0,0
BRDA:93,5,1,5
BRDA:98,6,0,0
BRDA:98,6,1,0
BRF:11
BRH:3
end_of_record
TN:
SF:/Users/puddlejumper/Testing/offline-forum/src/components/App.js
FN:14,(anonymous_0)
FN:18,(anonymous_1)
FN:23,(anonymous_2)
FN:28,(anonymous_3)
FN:36,(anonymous_4)
FNF:5
FNH:5
FNDA:5,(anonymous_0)
FNDA:5,(anonymous_1)
FNDA:1,(anonymous_2)
FNDA:2,(anonymous_3)
FNDA:12,(anonymous_4)
DA:15,5
DA:19,5
DA:20,5
DA:24,1
DA:25,0
DA:29,2
DA:30,1
DA:32,1
DA:37,12
LF:9
LH:8
BRDA:29,0,0,1
BRDA:29,0,1,1
BRDA:43,1,0,11
BRDA:43,1,1,1
BRDA:51,2,0,11
BRDA:51,2,1,1
BRF:6
BRH:6
end_of_record
TN:
SF:/Users/puddlejumper/Testing/offline-forum/src/components/AvatarSelector.js
FN:7,(anonymous_0)
FNF:1
FNH:1
FNDA:4,(anonymous_0)
DA:7,3
DA:9,4
DA:10,4
DA:11,1
DA:13,4
DA:14,1
DA:16,4
DA:17,2
DA:20,4
DA:30,3
LF:10
LH:10
BRDA:10,0,0,1
BRDA:10,0,1,3
BRDA:13,1,0,1
BRDA:13,1,1,3
BRDA:16,2,0,2
BRDA:16,2,1,2
BRF:6
BRH:6
end_of_record
TN:
SF:/Users/puddlejumper/Testing/offline-forum/src/components/Button.js
FN:7,(anonymous_0)
FNF:1
FNH:1
FNDA:3,(anonymous_0)
DA:4,6
DA:6,6
DA:7,6
DA:9,3
DA:18,6
DA:25,6
LF:6
LH:6
BRDA:10,0,0,2
BRDA:10,0,1,1
BRF:2
BRH:2
end_of_record
TN:
SF:/Users/puddlejumper/Testing/offline-forum/src/components/Comments.js
FN:12,(anonymous_0)
FN:16,(anonymous_1)
FN:22,(anonymous_2)
FN:27,(anonymous_3)
FN:28,(anonymous_4)
FN:36,(anonymous_5)
FNF:6
FNH:5
FNDA:4,(anonymous_0)
FNDA:4,(anonymous_1)
FNDA:0,(anonymous_2)
FNDA:9,(anonymous_3)
FNDA:1,(anonymous_4)
FNDA:8,(anonymous_5)
DA:13,4
DA:17,4
DA:18,4
DA:19,4
DA:23,0
DA:24,0
DA:28,9
DA:29,1
DA:37,8
DA:51,4
LF:10
LH:8
BRDA:16,0,0,4
BRF:1
BRH:1
end_of_record
TN:
SF:/Users/puddlejumper/Testing/offline-forum/src/components/CreateNewComment.js
FN:10,(anonymous_0)
FN:12,(anonymous_1)
FN:25,(anonymous_2)
FNF:3
FNH:3
FNDA:3,(anonymous_0)
FNDA:1,(anonymous_1)
FNDA:15,(anonymous_2)
DA:10,3
DA:13,1
DA:14,1
DA:15,1
DA:20,1
DA:21,1
DA:22,1
DA:26,15
DA:51,5
LF:9
LH:9
BRF:0
BRH:0
end_of_record
TN:
SF:/Users/puddlejumper/Testing/offline-forum/src/components/CreateNewPost.js
FN:11,(anonymous_0)
FN:12,(anonymous_1)
FN:22,(anonymous_2)
FNF:3
FNH:3
FNDA:1,(anonymous_0)
FNDA:1,(anonymous_1)
FNDA:6,(anonymous_2)
DA:11,1
DA:13,1
DA:14,1
DA:15,1
DA:16,1
DA:17,1
DA:18,1
DA:19,1
DA:23,6
DA:24,6
DA:36,3
LF:11
LH:11
BRF:0
BRH:0
end_of_record
TN:
SF:/Users/puddlejumper/Testing/offline-forum/src/components/PersonaSwitcher.js
FN:5,(anonymous_0)
FNF:1
FNH:1
FNDA:1,(anonymous_0)
DA:5,2
DA:6,1
DA:31,2
LF:3
LH:3
BRF:0
BRH:0
end_of_record
TN:
SF:/Users/puddlejumper/Testing/offline-forum/src/components/Posts.js
FN:12,(anonymous_0)
FN:16,(anonymous_1)
FN:21,(anonymous_2)
FN:26,(anonymous_3)
FN:27,(anonymous_4)
FN:36,(anonymous_5)
FNF:6
FNH:5
FNDA:1,(anonymous_0)
FNDA:1,(anonymous_1)
FNDA:0,(anonymous_2)
FNDA:3,(anonymous_3)
FNDA:1,(anonymous_4)
FNDA:2,(anonymous_5)
DA:13,1
DA:17,1
DA:18,1
DA:22,0
DA:23,0
DA:27,3
DA:28,1
DA:37,2
DA:49,2
LF:9
LH:7
BRF:0
BRH:0
end_of_record
TN:
SF:/Users/puddlejumper/Testing/offline-forum/src/components/SingleComment.js
FN:5,(anonymous_0)
FN:10,(anonymous_1)
FNF:2
FNH:2
FNDA:1,(anonymous_0)
FNDA:1,(anonymous_1)
DA:5,5
DA:6,1
DA:10,1
DA:23,5
LF:4
LH:4
BRDA:7,0,0,1
BRDA:7,0,1,1
BRF:2
BRH:2
end_of_record
TN:
SF:/Users/puddlejumper/Testing/offline-forum/src/components/SinglePost.js
FN:7,(anonymous_0)
FN:13,(anonymous_1)
FNF:2
FNH:2
FNDA:1,(anonymous_0)
FNDA:1,(anonymous_1)
DA:7,3
DA:8,1
DA:13,1
DA:28,3
LF:4
LH:4
BRDA:10,0,0,1
BRDA:10,0,1,1
BRF:2
BRH:2
end_of_record
TN:
SF:/Users/puddlejumper/Testing/offline-forum/src/components/Bot/Bot.js
FN:13,(anonymous_0)
FN:23,(anonymous_1)
FN:26,(anonymous_2)
FN:31,(anonymous_3)
FN:32,(anonymous_4)
FN:34,(anonymous_5)
FNF:6
FNH:5
FNDA:1,(anonymous_0)
FNDA:2,(anonymous_1)
FNDA:0,(anonymous_2)
FNDA:4,(anonymous_3)
FNDA:2,(anonymous_4)
FNDA:4,(anonymous_5)
DA:14,1
DA:18,1
DA:19,1
DA:20,1
DA:24,2
DA:25,2
DA:27,0
DA:31,4
DA:32,2
DA:35,4
LF:10
LH:9
BRF:0
BRH:0
end_of_record
TN:
SF:/Users/puddlejumper/Testing/offline-forum/src/components/Bot/Message.js
FN:6,(anonymous_0)
FNF:1
FNH:1
FNDA:4,(anonymous_0)
DA:4,3
DA:6,3
DA:7,4
DA:16,3
LF:4
LH:4
BRDA:9,0,0,1
BRDA:9,0,1,3
BRF:2
BRH:2
end_of_record
TN:
SF:/Users/puddlejumper/Testing/offline-forum/src/components/Bot/MessageForm.js
FN:10,(anonymous_0)
FN:14,(anonymous_1)
FN:16,(anonymous_2)
FN:22,(anonymous_3)
FN:30,(anonymous_4)
FNF:5
FNH:5
FNDA:2,(anonymous_0)
FNDA:1,(anonymous_1)
FNDA:1,(anonymous_2)
FNDA:7,(anonymous_3)
FNDA:12,(anonymous_4)
DA:11,2
DA:14,1
DA:17,1
DA:18,1
DA:19,1
DA:23,7
DA:30,12
DA:42,3
LF:8
LH:8
BRF:0
BRH:0
end_of_record
TN:
SF:/Users/puddlejumper/Testing/offline-forum/src/components/Bot/TypingIndicator.js
FN:5,(anonymous_0)
FNF:1
FNH:1
FNDA:4,(anonymous_0)
DA:5,2
DA:6,4
DA:15,2
DA:19,2
LF:4
LH:4
BRDA:6,0,0,2
BRDA:6,0,1,2
BRF:2
BRH:2
end_of_record
